
> lol-live-eports-api@0.1.0 start
> react-scripts start

[34mℹ[39m [90m｢wds｣[39m: Project is running at http://192.168.0.2/
[34mℹ[39m [90m｢wds｣[39m: webpack output is served from
[34mℹ[39m [90m｢wds｣[39m: Content not from webpack is served from /app/public
[34mℹ[39m [90m｢wds｣[39m: 404s will fallback to /
Starting the development server...

Compiled with warnings.

src/components/Footer/Footer.tsx
  Line 4:28:  'DiscordSVG' is defined but never used     @typescript-eslint/no-unused-vars
  Line 5:28:  'GitHubLogoSVG' is defined but never used  @typescript-eslint/no-unused-vars
  Line 6:28:  'TwitterSVG' is defined but never used     @typescript-eslint/no-unused-vars
  Line 7:28:  'LinkedInSVG' is defined but never used    @typescript-eslint/no-unused-vars

src/components/Match/DisabledGame.tsx
  Line 7:10:     'toast' is defined but never used                                                                                                                                                                                                                                                                                                                                  @typescript-eslint/no-unused-vars
  Line 8:10:     'DetailsFrame' is defined but never used                                                                                                                                                                                                                                                                                                                           @typescript-eslint/no-unused-vars
  Line 8:52:     'Item' is defined but never used                                                                                                                                                                                                                                                                                                                                   @typescript-eslint/no-unused-vars
  Line 8:58:     'Outcome' is defined but never used                                                                                                                                                                                                                                                                                                                                @typescript-eslint/no-unused-vars
  Line 8:88:     'Result' is defined but never used                                                                                                                                                                                                                                                                                                                                 @typescript-eslint/no-unused-vars
  Line 8:158:    'Slot' is defined but never used                                                                                                                                                                                                                                                                                                                                   @typescript-eslint/no-unused-vars
  Line 24:10:    'ItemsDisplay' is defined but never used                                                                                                                                                                                                                                                                                                                           @typescript-eslint/no-unused-vars
  Line 27:25:    'RUNES_JSON_URL' is defined but never used                                                                                                                                                                                                                                                                                                                         @typescript-eslint/no-unused-vars
  Line 27:41:    'getDataDragonResponse' is defined but never used                                                                                                                                                                                                                                                                                                                  @typescript-eslint/no-unused-vars
  Line 49:13:    'currentGameState' is defined but never used                                                                                                                                                                                                                                                                                                                       @typescript-eslint/no-unused-vars
  Line 296:117:  Unnecessary escape character: \_                                                                                                                                                                                                                                                                                                                                   no-useless-escape
  Line 301:23:   'embed' is assigned a value but never used                                                                                                                                                                                                                                                                                                                         @typescript-eslint/no-unused-vars
  Line 562:21:   Using target="_blank" without rel="noreferrer" (which implies rel="noopener") is a security risk in older browsers: see https://mathiasbynens.github.io/rel-noopener/#recommendations                                                                                                                                                                              react/jsx-no-target-blank
  Line 565:21:   The href attribute requires a valid value to be accessible. Provide a valid, navigable address as the href value. If you cannot provide a valid href, but still need the element to resemble a link, use a button and change it with appropriate styles. Learn more: https://github.com/jsx-eslint/eslint-plugin-jsx-a11y/blob/HEAD/docs/rules/anchor-is-valid.md  jsx-a11y/anchor-is-valid
  Line 565:29:   Script URL is a form of eval                                                                                                                                                                                                                                                                                                                                       no-script-url
  Line 618:10:   'getFormattedChampionStats' is defined but never used                                                                                                                                                                                                                                                                                                              @typescript-eslint/no-unused-vars

src/components/Match/Game.tsx
  Line 8:158:    'Slot' is defined but never used                                                                                                                                                                                                                                                                                                                                   @typescript-eslint/no-unused-vars
  Line 27:25:    'RUNES_JSON_URL' is defined but never used                                                                                                                                                                                                                                                                                                                         @typescript-eslint/no-unused-vars
  Line 27:41:    'getDataDragonResponse' is defined but never used                                                                                                                                                                                                                                                                                                                  @typescript-eslint/no-unused-vars
  Line 106:8:    React Hook useEffect has missing dependencies: 'blueTeam.name', 'eventDetails.league.name', and 'redTeam.name'. Either include them or remove the dependency array                                                                                                                                                                                                 react-hooks/exhaustive-deps
  Line 352:117:  Unnecessary escape character: \_                                                                                                                                                                                                                                                                                                                                   no-useless-escape
  Line 357:23:   'embed' is assigned a value but never used                                                                                                                                                                                                                                                                                                                         @typescript-eslint/no-unused-vars
  Line 618:21:   Using target="_blank" without rel="noreferrer" (which implies rel="noopener") is a security risk in older browsers: see https://mathiasbynens.github.io/rel-noopener/#recommendations                                                                                                                                                                              react/jsx-no-target-blank
  Line 621:21:   The href attribute requires a valid value to be accessible. Provide a valid, navigable address as the href value. If you cannot provide a valid href, but still need the element to resemble a link, use a button and change it with appropriate styles. Learn more: https://github.com/jsx-eslint/eslint-plugin-jsx-a11y/blob/HEAD/docs/rules/anchor-is-valid.md  jsx-a11y/anchor-is-valid
  Line 621:29:   Script URL is a form of eval                                                                                                                                                                                                                                                                                                                                       no-script-url

src/components/Match/LiveAPIWatcher.tsx
  Line 132:37:  Function declared in a loop contains unsafe references to variable(s) 'isPlaying'                                                                                                                                                                                                                                         no-loop-func
  Line 139:37:  Function declared in a loop contains unsafe references to variable(s) 'isPlaying'                                                                                                                                                                                                                                         no-loop-func
  Line 156:8:   React Hook useEffect has missing dependencies: 'championsUrlWithPatchVersion', 'gameIndex', and 'status.gameIndex'. Either include them or remove the dependency array. If 'setStatus' needs the current value of 'gameIndex', you can also switch to useReducer instead of useState and read 'gameIndex' in the reducer  react-hooks/exhaustive-deps

src/components/Match/Match.tsx
  Line 71:36:    Assignments to the 'currentTimestamp' variable from inside React Hook useEffect will be lost after each render. To preserve the value over time, store it in a useRef Hook and keep the mutable value in the '.current' property. Otherwise, you can move this variable directly inside useEffect                                                                  react-hooks/exhaustive-deps
  Line 74:36:    Assignments to the 'currentGameIndex' variable from inside React Hook useEffect will be lost after each render. To preserve the value over time, store it in a useRef Hook and keep the mutable value in the '.current' property. Otherwise, you can move this variable directly inside useEffect                                                                  react-hooks/exhaustive-deps
  Line 122:50:   Assignments to the 'matchEventDetails' variable from inside React Hook useEffect will be lost after each render. To preserve the value over time, store it in a useRef Hook and keep the mutable value in the '.current' property. Otherwise, you can move this variable directly inside useEffect                                                                 react-hooks/exhaustive-deps
  Line 202:39:   Assignments to the 'firstWindowReceived' variable from inside React Hook useEffect will be lost after each render. To preserve the value over time, store it in a useRef Hook and keep the mutable value in the '.current' property. Otherwise, you can move this variable directly inside useEffect                                                               react-hooks/exhaustive-deps
  Line 253:36:   Assignments to the 'lastFrameSuccess' variable from inside React Hook useEffect will be lost after each render. To preserve the value over time, store it in a useRef Hook and keep the mutable value in the '.current' property. Otherwise, you can move this variable directly inside useEffect                                                                  react-hooks/exhaustive-deps
  Line 536:117:  Unnecessary escape character: \_                                                                                                                                                                                                                                                                                                                                   no-useless-escape
  Line 541:23:   'embed' is assigned a value but never used                                                                                                                                                                                                                                                                                                                         @typescript-eslint/no-unused-vars
  Line 687:37:   Using target="_blank" without rel="noreferrer" (which implies rel="noopener") is a security risk in older browsers: see https://mathiasbynens.github.io/rel-noopener/#recommendations                                                                                                                                                                              react/jsx-no-target-blank
  Line 690:37:   The href attribute requires a valid value to be accessible. Provide a valid, navigable address as the href value. If you cannot provide a valid href, but still need the element to resemble a link, use a button and change it with appropriate styles. Learn more: https://github.com/jsx-eslint/eslint-plugin-jsx-a11y/blob/HEAD/docs/rules/anchor-is-valid.md  jsx-a11y/anchor-is-valid
  Line 690:45:   Script URL is a form of eval                                                                                                                                                                                                                                                                                                                                       no-script-url

src/components/Match/NBAGame.tsx
  Line 28:11:  'getPeriodName' is assigned a value but never used  @typescript-eslint/no-unused-vars

src/components/Schedule/EventsSchedule.tsx
  Line 93:255:   Unexpected mix of '||' and '&&'. Use parentheses to clarify the intended order of operations  no-mixed-operators
  Line 93:385:   Unexpected mix of '||' and '&&'. Use parentheses to clarify the intended order of operations  no-mixed-operators
  Line 93:617:   Unexpected mix of '||' and '&&'. Use parentheses to clarify the intended order of operations  no-mixed-operators
  Line 93:747:   Unexpected mix of '||' and '&&'. Use parentheses to clarify the intended order of operations  no-mixed-operators
  Line 119:110:  Unexpected mix of '&&' and '||'. Use parentheses to clarify the intended order of operations  no-mixed-operators
  Line 119:203:  Unexpected mix of '&&' and '||'. Use parentheses to clarify the intended order of operations  no-mixed-operators

Search for the keywords to learn more about each warning.
To ignore, add // eslint-disable-next-line to the line before.
